  Preprocessing: OpenCLFile.cl
  Preprocessing: Template.cl
  Using build options:  -I "A:\UBB\3rd_Year\Parallel&Distributed_Programming\CPUOpenCLProject1\CPUOpenCLProject1"
  Setting target instruction set architecture to: Default (Intel(R) Advanced Vector Extensions 2 (Intel(R) AVX2))
  Platform name: Intel(R) OpenCL
  Device name: Intel(R) Core(TM) i7-7500U CPU @ 2.70GHz
  Device version: OpenCL 2.1 (Build 10)
  Device vendor: Intel(R) Corporation
  Device profile: FULL_PROFILE
  Compilation started
  Compilation done
  Linking started
  Linking done
  Device build started
  Device build done
  Done.
  Failed to get kernel names for work group info
  Build succeeded!
  
  Using build options:  -I "A:\UBB\3rd_Year\Parallel&Distributed_Programming\CPUOpenCLProject1\CPUOpenCLProject1"
  Setting target instruction set architecture to: Default (Intel(R) Advanced Vector Extensions 2 (Intel(R) AVX2))
  Platform name: Intel(R) OpenCL
  Device name: Intel(R) Core(TM) i7-7500U CPU @ 2.70GHz
  Device version: OpenCL 2.1 (Build 10)
  Device vendor: Intel(R) Corporation
  Device profile: FULL_PROFILE
  Compilation started
  Compilation done
  Linking started
  Linking done
  Device build started
  Device build done
  Kernel <Add> was successfully vectorized (8)
  Done.
  Add info:
  	Maximum work-group size: 8192
  	Compiler work-group size: (0, 0, 0)
  	Local memory size: 0
  	Preferred multiple of work-group size: 128
  	Minimum amount of private memory: 0
  
  Build succeeded!
  
  Source.cpp
c:\program files (x86)\intelswtools\system_studio_2020\opencl\sdk\include\cl\cl.hpp(4645): warning C4996: 'clCreateSampler': was declared deprecated
  c:\program files (x86)\intelswtools\system_studio_2020\opencl\sdk\include\cl\cl.h(1435): note: see declaration of 'clCreateSampler'
c:\program files (x86)\intelswtools\system_studio_2020\opencl\sdk\include\cl\cl.hpp(5505): warning C4996: 'clCreateCommandQueue': was declared deprecated
  c:\program files (x86)\intelswtools\system_studio_2020\opencl\sdk\include\cl\cl.h(1428): note: see declaration of 'clCreateCommandQueue'
c:\program files (x86)\intelswtools\system_studio_2020\opencl\sdk\include\cl\cl.hpp(5536): warning C4996: 'clCreateCommandQueue': was declared deprecated
  c:\program files (x86)\intelswtools\system_studio_2020\opencl\sdk\include\cl\cl.h(1428): note: see declaration of 'clCreateCommandQueue'
c:\program files (x86)\intelswtools\system_studio_2020\opencl\sdk\include\cl\cl.hpp(5553): warning C4996: 'clCreateCommandQueue': was declared deprecated
  c:\program files (x86)\intelswtools\system_studio_2020\opencl\sdk\include\cl\cl.h(1428): note: see declaration of 'clCreateCommandQueue'
c:\program files (x86)\intelswtools\system_studio_2020\opencl\sdk\include\cl\cl.hpp(6357): warning C4996: 'clEnqueueTask': was declared deprecated
  c:\program files (x86)\intelswtools\system_studio_2020\opencl\sdk\include\cl\cl.h(1442): note: see declaration of 'clEnqueueTask'
a:\ubb\3rd_year\parallel&distributed_programming\cpuopenclproject1\cpuopenclproject1\source.cpp(31): warning C4018: '<': signed/unsigned mismatch
a:\ubb\3rd_year\parallel&distributed_programming\cpuopenclproject1\cpuopenclproject1\source.cpp(47): warning C4018: '<': signed/unsigned mismatch
  Source1.cpp
  Generating Code...
LINK : warning LNK4067: ambiguous entry point; selected 'mainCRTStartup'
  CPUOpenCLProject1.vcxproj -> A:\UBB\3rd_Year\Parallel&Distributed_Programming\CPUOpenCLProject1\Debug\CPUOpenCLProject1.exe
  OpenCLFile.cl
  Template.cl
          2 file(s) copied.
