  PPQueue.cpp
a:\ubb\3rd_year\parallel&distributed_programming\projectmpi\lab9\puzzle.h(100): warning C4244: 'initializing': conversion from '_Rep' to 'int', possible loss of data
          with
          [
              _Rep=std::chrono::system_clock::rep
          ]
  Puzzle.cpp
a:\ubb\3rd_year\parallel&distributed_programming\projectmpi\lab9\puzzle.h(100): warning C4244: 'initializing': conversion from '_Rep' to 'int', possible loss of data
          with
          [
              _Rep=std::chrono::system_clock::rep
          ]
  Source.cpp
a:\ubb\3rd_year\parallel&distributed_programming\projectmpi\lab9\puzzle.h(100): warning C4244: 'initializing': conversion from '_Rep' to 'int', possible loss of data
          with
          [
              _Rep=std::chrono::system_clock::rep
          ]
  Generating code
  3 of 564 functions ( 0.5%) were compiled, the rest were copied from previous compilation.
    0 functions were new in current compilation
    1 functions had inline decision re-evaluated but remain unchanged
  Finished generating code
  Lab9.vcxproj -> A:\UBB\3rd_Year\Parallel&Distributed_Programming\ProjectMPI\Release\Lab9.exe
